<?xml version="1.0" encoding="UTF-8"?>
<!-- Generated by org.testng.reporters.JUnitXMLReporter -->
<testsuite hostname="DESKTOP-DDJ9P88" ignored="0" name="Default test" tests="2" failures="0" timestamp="31 Jan 2020 05:31:58 GMT" time="33.646" errors="0">
  <testcase name="validLoginTest" time="5.626" classname="com.training.sanity.tests.LoginTests"/>
  <testcase name="administrationDelCourseCategory" time="8.354" classname="com.training.sanity.tests.Administration_DelCoursesCategories"/>
</testsuite> <!-- Default test -->
